TN:
SF:C:\Users\HP\Desktop\新建文件夹\chongaiyoujia\src\components\Chooseanimal\index.vue
FN:23,data
FNF:1
FNH:0
FNDA:0,data
DA:24,0
LF:1
LH:0
BRF:0
BRH:0
end_of_record
TN:
SF:C:\Users\HP\Desktop\新建文件夹\chongaiyoujia\src\components\Icon\index.vue
FN:17,data
FN:23,handleAvatarSuccess
FN:26,beforeAvatarUpload
FNF:3
FNH:0
FNDA:0,data
FNDA:0,handleAvatarSuccess
FNDA:0,beforeAvatarUpload
DA:18,0
DA:24,0
DA:27,0
DA:28,0
DA:30,0
DA:31,0
DA:33,0
DA:34,0
DA:36,0
LF:9
LH:0
BRDA:30,0,0,0
BRDA:30,0,1,0
BRDA:33,1,0,0
BRDA:33,1,1,0
BRDA:36,2,0,0
BRDA:36,2,1,0
BRF:6
BRH:0
end_of_record
TN:
SF:C:\Users\HP\Desktop\新建文件夹\chongaiyoujia\src\components\Name\index.vue
FN:13,data
FNF:1
FNH:0
FNDA:0,data
DA:14,0
LF:1
LH:0
BRF:0
BRH:0
end_of_record
TN:
SF:C:\Users\HP\Desktop\新建文件夹\chongaiyoujia\src\components\Password\index.vue
FN:12,data
FNF:1
FNH:0
FNDA:0,data
DA:13,0
LF:1
LH:0
BRF:0
BRH:0
end_of_record
TN:
SF:C:\Users\HP\Desktop\新建文件夹\chongaiyoujia\src\components\Position\index.vue
FN:15,data
FNF:1
FNH:0
FNDA:0,data
DA:16,0
LF:1
LH:0
BRF:0
BRH:0
end_of_record
TN:
SF:C:\Users\HP\Desktop\新建文件夹\chongaiyoujia\src\components\Sex\index.vue
FN:15,data
FNF:1
FNH:0
FNDA:0,data
DA:16,0
LF:1
LH:0
BRF:0
BRH:0
end_of_record
TN:
SF:C:\Users\HP\Desktop\新建文件夹\chongaiyoujia\src\router\center\index.js
FN:3,component
FNF:1
FNH:0
FNDA:0,component
DA:3,0
LF:1
LH:0
BRF:0
BRH:0
end_of_record
TN:
SF:C:\Users\HP\Desktop\新建文件夹\chongaiyoujia\src\router\collect\index.js
FN:3,component
FNF:1
FNH:0
FNDA:0,component
DA:3,0
LF:1
LH:0
BRF:0
BRH:0
end_of_record
TN:
SF:C:\Users\HP\Desktop\新建文件夹\chongaiyoujia\src\router\interest\index.js
FN:3,component
FNF:1
FNH:0
FNDA:0,component
DA:3,0
LF:1
LH:0
BRF:0
BRH:0
end_of_record
TN:
SF:C:\Users\HP\Desktop\新建文件夹\chongaiyoujia\src\router\loginning\animalchoose\index.js
FN:3,component
FNF:1
FNH:0
FNDA:0,component
DA:3,0
LF:1
LH:0
BRF:0
BRH:0
end_of_record
TN:
SF:C:\Users\HP\Desktop\新建文件夹\chongaiyoujia\src\router\loginning\change\index.js
FN:3,component
FNF:1
FNH:0
FNDA:0,component
DA:3,0
LF:1
LH:0
BRF:0
BRH:0
end_of_record
TN:
SF:C:\Users\HP\Desktop\新建文件夹\chongaiyoujia\src\router\loginning\forget\index.js
FN:3,component
FNF:1
FNH:0
FNDA:0,component
DA:3,0
LF:1
LH:0
BRF:0
BRH:0
end_of_record
TN:
SF:C:\Users\HP\Desktop\新建文件夹\chongaiyoujia\src\router\loginning\login\index.js
FN:3,component
FNF:1
FNH:0
FNDA:0,component
DA:3,0
LF:1
LH:0
BRF:0
BRH:0
end_of_record
TN:
SF:C:\Users\HP\Desktop\新建文件夹\chongaiyoujia\src\router\loginning\register\index.js
FN:3,component
FNF:1
FNH:0
FNDA:0,component
DA:3,0
LF:1
LH:0
BRF:0
BRH:0
end_of_record
TN:
SF:C:\Users\HP\Desktop\新建文件夹\chongaiyoujia\src\router\loginning\usermassage\index.js
FN:3,component
FNF:1
FNH:0
FNDA:0,component
DA:3,0
LF:1
LH:0
BRF:0
BRH:0
end_of_record
TN:
SF:C:\Users\HP\Desktop\新建文件夹\chongaiyoujia\src\router\set\index.js
FN:3,component
FNF:1
FNH:0
FNDA:0,component
DA:3,0
LF:1
LH:0
BRF:0
BRH:0
end_of_record
TN:
SF:C:\Users\HP\Desktop\新建文件夹\chongaiyoujia\src\views\center\index.vue
FN:44,beforeCreate
FNF:1
FNH:0
FNDA:0,beforeCreate
DA:38,0
DA:45,0
LF:2
LH:0
BRF:0
BRH:0
end_of_record
TN:
SF:C:\Users\HP\Desktop\新建文件夹\chongaiyoujia\src\views\loginning\animalchoose\index.vue
FN:13,beforeCreate
FN:20,handleRoutertocenter
FN:23,handleRouterbackusermassage
FN:27,beforeDestroy
FNF:4
FNH:0
FNDA:0,beforeCreate
FNDA:0,handleRoutertocenter
FNDA:0,handleRouterbackusermassage
FNDA:0,beforeDestroy
DA:11,0
DA:14,0
DA:21,0
DA:24,0
DA:28,0
LF:5
LH:0
BRF:0
BRH:0
end_of_record
TN:
SF:C:\Users\HP\Desktop\新建文件夹\chongaiyoujia\src\views\loginning\change\index.vue
FN:15,data
FN:21,beforeCreate
FN:24,beforeDestroy
FN:28,handleRouterbackforget
FN:31,handleRoutercenter
FNF:5
FNH:0
FNDA:0,data
FNDA:0,beforeCreate
FNDA:0,beforeDestroy
FNDA:0,handleRouterbackforget
FNDA:0,handleRoutercenter
DA:16,0
DA:22,0
DA:25,0
DA:29,0
DA:38,0
DA:39,0
DA:40,0
DA:42,0
DA:43,0
DA:45,0
LF:10
LH:0
BRDA:38,0,0,0
BRDA:38,0,1,0
BRDA:38,1,0,0
BRDA:38,1,1,0
BRDA:40,2,0,0
BRDA:40,2,1,0
BRDA:43,3,0,0
BRDA:43,3,1,0
BRF:8
BRH:0
end_of_record
TN:
SF:C:\Users\HP\Desktop\新建文件夹\chongaiyoujia\src\views\loginning\forget\index.vue
FN:16,data
FN:24,onLoad
FN:27,beforeCreate
FN:30,beforeDestroy
FN:34,handleRouterchange
FN:37,handleRouterbacklogin
FN:40,checking
FN:48,checkingTime
FN:59,(anonymous_9)
FNF:9
FNH:0
FNDA:0,data
FNDA:0,onLoad
FNDA:0,beforeCreate
FNDA:0,beforeDestroy
FNDA:0,handleRouterchange
FNDA:0,handleRouterbacklogin
FNDA:0,checking
FNDA:0,checkingTime
FNDA:0,(anonymous_9)
DA:17,0
DA:28,0
DA:31,0
DA:35,0
DA:38,0
DA:42,0
DA:44,0
DA:46,0
DA:49,0
DA:51,0
DA:53,0
DA:55,0
DA:57,0
DA:59,0
DA:61,0
DA:65,0
DA:66,0
DA:67,0
DA:71,0
DA:72,0
DA:73,0
LF:21
LH:0
BRDA:51,0,0,0
BRDA:51,0,1,0
BRDA:53,1,0,0
BRDA:53,1,1,0
BRDA:53,2,0,0
BRDA:53,2,1,0
BRF:6
BRH:0
end_of_record
TN:
SF:C:\Users\HP\Desktop\新建文件夹\chongaiyoujia\src\views\loginning\login\index.vue
FN:26,data
FN:33,beforeCreate
FN:36,beforeDestroy
FN:40,handleRoutercenter
FN:42,(anonymous_6)
FN:50,handleRouterregister
FN:53,handleRouterforget
FNF:7
FNH:0
FNDA:0,data
FNDA:0,beforeCreate
FNDA:0,beforeDestroy
FNDA:0,handleRoutercenter
FNDA:0,(anonymous_6)
FNDA:0,handleRouterregister
FNDA:0,handleRouterforget
DA:22,0
DA:27,0
DA:34,0
DA:37,0
DA:40,0
DA:42,0
DA:43,0
DA:44,0
DA:45,0
DA:46,0
DA:51,0
DA:54,0
LF:12
LH:0
BRDA:45,0,0,0
BRDA:45,0,1,0
BRF:2
BRH:0
end_of_record
TN:
SF:C:\Users\HP\Desktop\新建文件夹\chongaiyoujia\src\views\loginning\register\index.vue
FN:21,data
FN:31,onLoad
FN:34,beforeCreate
FN:37,beforeDestroy
FN:41,handleRouterusermassage
FN:48,handleRouterbacklogin
FN:59,checking
FN:61,(anonymous_9)
FN:73,checkingTime
FN:84,(anonymous_11)
FNF:10
FNH:0
FNDA:0,data
FNDA:0,onLoad
FNDA:0,beforeCreate
FNDA:0,beforeDestroy
FNDA:0,handleRouterusermassage
FNDA:0,handleRouterbacklogin
FNDA:0,checking
FNDA:0,(anonymous_9)
FNDA:0,checkingTime
FNDA:0,(anonymous_11)
DA:18,0
DA:19,0
DA:22,0
DA:35,0
DA:38,0
DA:42,0
DA:45,0
DA:49,0
DA:59,0
DA:60,0
DA:61,0
DA:64,0
DA:66,0
DA:68,0
DA:70,0
DA:74,0
DA:76,0
DA:78,0
DA:80,0
DA:82,0
DA:84,0
DA:86,0
DA:90,0
DA:91,0
DA:92,0
DA:96,0
DA:97,0
DA:98,0
LF:28
LH:0
BRDA:42,0,0,0
BRDA:42,0,1,0
BRDA:76,1,0,0
BRDA:76,1,1,0
BRDA:78,2,0,0
BRDA:78,2,1,0
BRDA:78,3,0,0
BRDA:78,3,1,0
BRF:8
BRH:0
end_of_record
TN:
SF:C:\Users\HP\Desktop\新建文件夹\chongaiyoujia\src\views\loginning\usermassage\index.vue
FN:38,beforeCreate
FN:49,handleRouteranimalchoose
FN:60,handleRouterbackregister
FN:64,beforeDestroy
FNF:4
FNH:0
FNDA:0,beforeCreate
FNDA:0,handleRouteranimalchoose
FNDA:0,handleRouterbackregister
FNDA:0,beforeDestroy
DA:32,0
DA:33,0
DA:34,0
DA:35,0
DA:36,0
DA:39,0
DA:50,0
DA:51,0
DA:52,0
DA:54,0
DA:57,0
DA:61,0
DA:65,0
LF:13
LH:0
BRDA:50,0,0,0
BRDA:50,0,1,0
BRDA:52,1,0,0
BRDA:52,1,1,0
BRF:4
BRH:0
end_of_record
